Build started 11.01.2018 21:55:36.
     1>Project "A:\From C\Desktop\Serwer\Source\Source Client\client\eterImageLib\eterImageLib_VC90.vcxproj" on node 4 (Build target(s)).
     1>ClCompile:
         A:\VS\VC\bin\CL.exe /c /I. /I../../extern/include /Zi /nologo /W3 /WX- /O2 /Ob1 /Oy- /D WIN32 /D NDEBUG /D _LIB /D _VC80_UPGRADE=0x0710 /D _MBCS /GF /Gm- /EHsc /MT /GS /Gy /fp:precise /Zc:wchar_t /Zc:forScope /Yc"stdafx.h" /Fp".\Distribute/eterImageLib.pch" /FAcs /Fa".\Distribute/" /Fo".\Distribute/" /Fd".\Distribute/vc120.pdb" /Gd /TP /analyze- /errorReport:prompt StdAfx.cpp
         StdAfx.cpp
     1>a:\from c\desktop\serwer\source\source client\client\eterimagelib\stdafx.h(33): warning C4996: '_vsnprintf': This function or variable may be unsafe. Consider using _vsnprintf_s instead. To disable deprecation, use _CRT_SECURE_NO_WARNINGS. See online help for details.
                 A:\VS\VC\include\stdio.h(346) : see declaration of '_vsnprintf'
         A:\VS\VC\bin\CL.exe /c /I. /I../../extern/include /Zi /nologo /W3 /WX- /O2 /Ob1 /Oy- /D WIN32 /D NDEBUG /D _LIB /D _VC80_UPGRADE=0x0710 /D _MBCS /GF /Gm- /EHsc /MT /GS /Gy /fp:precise /Zc:wchar_t /Zc:forScope /FAcs /Fa".\Distribute/" /Fo".\Distribute/" /Fd".\Distribute/vc120.pdb" /Gd /TP /analyze- /errorReport:prompt DXTCImage.cpp Image.cpp TGAImage.cpp
         DXTCImage.cpp
     1>a:\from c\desktop\serwer\source\source client\client\eterimagelib\StdAfx.h(33): warning C4996: '_vsnprintf': This function or variable may be unsafe. Consider using _vsnprintf_s instead. To disable deprecation, use _CRT_SECURE_NO_WARNINGS. See online help for details.
                 A:\VS\VC\include\stdio.h(346) : see declaration of '_vsnprintf'
     1>DXTCImage.cpp(95): warning C4996: 'strncpy': This function or variable may be unsafe. Consider using strncpy_s instead. To disable deprecation, use _CRT_SECURE_NO_WARNINGS. See online help for details.
                 A:\VS\VC\include\string.h(195) : see declaration of 'strncpy'
     1>DXTCImage.cpp(96): warning C4996: 'strupr': The POSIX name for this item is deprecated. Instead, use the ISO C++ conformant name: _strupr. See online help for details.
                 A:\VS\VC\include\string.h(259) : see declaration of 'strupr'
     1>DXTCImage.cpp(926): warning C4996: '_snprintf': This function or variable may be unsafe. Consider using _snprintf_s instead. To disable deprecation, use _CRT_SECURE_NO_WARNINGS. See online help for details.
                 A:\VS\VC\include\stdio.h(346) : see declaration of '_snprintf'
     1>DXTCImage.cpp(932): warning C4996: 'strncpy': This function or variable may be unsafe. Consider using strncpy_s instead. To disable deprecation, use _CRT_SECURE_NO_WARNINGS. See online help for details.
                 A:\VS\VC\include\string.h(195) : see declaration of 'strncpy'
     1>DXTCImage.cpp(937): warning C4996: 'strncpy': This function or variable may be unsafe. Consider using strncpy_s instead. To disable deprecation, use _CRT_SECURE_NO_WARNINGS. See online help for details.
                 A:\VS\VC\include\string.h(195) : see declaration of 'strncpy'
     1>DXTCImage.cpp(942): warning C4996: 'strncpy': This function or variable may be unsafe. Consider using strncpy_s instead. To disable deprecation, use _CRT_SECURE_NO_WARNINGS. See online help for details.
                 A:\VS\VC\include\string.h(195) : see declaration of 'strncpy'
     1>DXTCImage.cpp(947): warning C4996: 'strncpy': This function or variable may be unsafe. Consider using strncpy_s instead. To disable deprecation, use _CRT_SECURE_NO_WARNINGS. See online help for details.
                 A:\VS\VC\include\string.h(195) : see declaration of 'strncpy'
     1>DXTCImage.cpp(952): warning C4996: 'strncpy': This function or variable may be unsafe. Consider using strncpy_s instead. To disable deprecation, use _CRT_SECURE_NO_WARNINGS. See online help for details.
                 A:\VS\VC\include\string.h(195) : see declaration of 'strncpy'
     1>DXTCImage.cpp(957): warning C4996: 'strcpy': This function or variable may be unsafe. Consider using strcpy_s instead. To disable deprecation, use _CRT_SECURE_NO_WARNINGS. See online help for details.
                 A:\VS\VC\include\string.h(112) : see declaration of 'strcpy'
         Image.cpp
     1>a:\from c\desktop\serwer\source\source client\client\eterimagelib\StdAfx.h(33): warning C4996: '_vsnprintf': This function or variable may be unsafe. Consider using _vsnprintf_s instead. To disable deprecation, use _CRT_SECURE_NO_WARNINGS. See online help for details.
                 A:\VS\VC\include\stdio.h(346) : see declaration of '_vsnprintf'
         TGAImage.cpp
     1>a:\from c\desktop\serwer\source\source client\client\eterimagelib\StdAfx.h(33): warning C4996: '_vsnprintf': This function or variable may be unsafe. Consider using _vsnprintf_s instead. To disable deprecation, use _CRT_SECURE_NO_WARNINGS. See online help for details.
                 A:\VS\VC\include\stdio.h(346) : see declaration of '_vsnprintf'
     1>TGAImage.cpp(311): warning C4996: 'fopen': This function or variable may be unsafe. Consider using fopen_s instead. To disable deprecation, use _CRT_SECURE_NO_WARNINGS. See online help for details.
                 A:\VS\VC\include\stdio.h(211) : see declaration of 'fopen'
         Generating Code...
       Lib:
         A:\VS\VC\bin\Lib.exe /OUT:".\Distribute\eterImageLib.lib" /NOLOGO .\Distribute/DXTCImage.obj
         .\Distribute/Image.obj
         .\Distribute/StdAfx.obj
         .\Distribute/TGAImage.obj
         eterImageLib_VC90.vcxproj -> A:\From C\Desktop\Serwer\Source\Source Client\client\eterImageLib\.\Distribute\eterImageLib.lib
     1>Done Building Project "A:\From C\Desktop\Serwer\Source\Source Client\client\eterImageLib\eterImageLib_VC90.vcxproj" (Build target(s)).

Build succeeded.

Time Elapsed 00:00:05.50
