Build started 11.01.2018 21:55:21.
     1>Project "A:\From C\Desktop\Serwer\Source\Source Client\client\SpeedTreeLib\SpeedTreeLib_VC90.vcxproj" on node 3 (Build target(s)).
     1>ClCompile:
         A:\VS\VC\bin\CL.exe /c /I. /I../../extern/include /Zi /nologo /W3 /WX- /O2 /Ob1 /Oy- /D WIN32 /D NDEBUG /D _LIB /D _VC80_UPGRADE=0x0710 /D _MBCS /GF /Gm- /EHsc /MT /GS /Gy /fp:precise /Zc:wchar_t /Zc:forScope /Yc"stdafx.h" /Fp".\Distribute/SpeedTreeLib.pch" /FAcs /Fa".\Distribute/" /Fo".\Distribute/" /Fd".\Distribute/vc120.pdb" /Gd /TP /analyze- /errorReport:prompt StdAfx.cpp
         StdAfx.cpp
         A:\VS\VC\bin\CL.exe /c /I. /I../../extern/include /Zi /nologo /W3 /WX- /O2 /Ob1 /Oy- /D WIN32 /D NDEBUG /D _LIB /D _VC80_UPGRADE=0x0710 /D _MBCS /GF /Gm- /EHsc /MT /GS /Gy /fp:precise /Zc:wchar_t /Zc:forScope /FAcs /Fa".\Distribute/" /Fo".\Distribute/" /Fd".\Distribute/vc120.pdb" /Gd /TP /analyze- /errorReport:prompt BoundaryShapeManager.cpp SpeedGrassRT.cpp SpeedGrassWrapper.cpp SpeedTreeForest.cpp SpeedTreeForestDirectX8.cpp SpeedTreeWrapper.cpp
         BoundaryShapeManager.cpp
     1>BoundaryShapeManager.cpp(55): warning C4996: 'fopen': This function or variable may be unsafe. Consider using fopen_s instead. To disable deprecation, use _CRT_SECURE_NO_WARNINGS. See online help for details.
                 A:\VS\VC\include\stdio.h(211) : see declaration of 'fopen'
         SpeedGrassRT.cpp
         SpeedGrassWrapper.cpp
         SpeedTreeForest.cpp
         SpeedTreeForestDirectX8.cpp
     1>a:\from c\desktop\serwer\source\source client\client\speedtreelib\VertexShaders.h(164): warning C4996: 'sprintf': This function or variable may be unsafe. Consider using sprintf_s instead. To disable deprecation, use _CRT_SECURE_NO_WARNINGS. See online help for details.
                 A:\VS\VC\include\stdio.h(356) : see declaration of 'sprintf'
     1>a:\from c\desktop\serwer\source\source client\client\speedtreelib\VertexShaders.h(171): warning C4996: 'sprintf': This function or variable may be unsafe. Consider using sprintf_s instead. To disable deprecation, use _CRT_SECURE_NO_WARNINGS. See online help for details.
                 A:\VS\VC\include\stdio.h(356) : see declaration of 'sprintf'
         SpeedTreeWrapper.cpp
     1>a:\from c\desktop\serwer\source\source client\client\speedtreelib\VertexShaders.h(164): warning C4996: 'sprintf': This function or variable may be unsafe. Consider using sprintf_s instead. To disable deprecation, use _CRT_SECURE_NO_WARNINGS. See online help for details.
                 A:\VS\VC\include\stdio.h(356) : see declaration of 'sprintf'
     1>a:\from c\desktop\serwer\source\source client\client\speedtreelib\VertexShaders.h(171): warning C4996: 'sprintf': This function or variable may be unsafe. Consider using sprintf_s instead. To disable deprecation, use _CRT_SECURE_NO_WARNINGS. See online help for details.
                 A:\VS\VC\include\stdio.h(356) : see declaration of 'sprintf'
         Generating Code...
       Lib:
         A:\VS\VC\bin\Lib.exe /OUT:".\Distribute\SpeedTreeLib.lib" /NOLOGO .\Distribute/BoundaryShapeManager.obj
         .\Distribute/SpeedGrassRT.obj
         .\Distribute/SpeedGrassWrapper.obj
         .\Distribute/SpeedTreeForest.obj
         .\Distribute/SpeedTreeForestDirectX8.obj
         .\Distribute/SpeedTreeWrapper.obj
         .\Distribute/StdAfx.obj
     1>SpeedGrassWrapper.obj : warning LNK4221: This object file does not define any previously undefined public symbols, so it will not be used by any link operation that consumes this library
     1>SpeedGrassRT.obj : warning LNK4221: This object file does not define any previously undefined public symbols, so it will not be used by any link operation that consumes this library
         SpeedTreeLib_VC90.vcxproj -> A:\From C\Desktop\Serwer\Source\Source Client\client\SpeedTreeLib\.\Distribute\SpeedTreeLib.lib
     1>Done Building Project "A:\From C\Desktop\Serwer\Source\Source Client\client\SpeedTreeLib\SpeedTreeLib_VC90.vcxproj" (Build target(s)).

Build succeeded.

Time Elapsed 00:00:15.26
