Build started 11.01.2018 21:55:37.
     1>Project "A:\From C\Desktop\Serwer\Source\Source Client\client\eterPythonLib\eterPythonLib_VC90.vcxproj" on node 3 (Build target(s)).
     1>ClCompile:
         A:\VS\VC\bin\CL.exe /c /I. /I../../extern/include /Zi /nologo /W3 /WX- /O2 /Ob1 /Oy- /D WIN32 /D NDEBUG /D _LIB /D _VC80_UPGRADE=0x0710 /D _MBCS /GF /Gm- /EHsc /MT /GS /Gy /fp:precise /Zc:wchar_t /Zc:forScope /Yc"stdafx.h" /Fp".\Distribute/eterPythonLib.pch" /FAcs /Fa".\Distribute/" /Fo".\Distribute/" /Fd".\Distribute/vc120.pdb" /Gd /TP /analyze- /errorReport:prompt StdAfx.cpp
         StdAfx.cpp
         A:\VS\VC\bin\CL.exe /c /I. /I../../extern/include /Zi /nologo /W3 /WX- /O2 /Ob1 /Oy- /D WIN32 /D NDEBUG /D _LIB /D _VC80_UPGRADE=0x0710 /D _MBCS /GF /Gm- /EHsc /MT /GS /Gy /fp:precise /Zc:wchar_t /Zc:forScope /Yu"stdafx.h" /Fp".\Distribute/eterPythonLib.pch" /FAcs /Fa".\Distribute/" /Fo".\Distribute/" /Fd".\Distribute/vc120.pdb" /Gd /TP /analyze- /errorReport:prompt PythonGraphic.cpp PythonGraphicImageModule.cpp PythonGraphicModule.cpp PythonGraphicTextModule.cpp PythonGraphicThingModule.cpp PythonGridSlotWindow.cpp PythonSlotWindow.cpp PythonWindow.cpp PythonWindowManager.cpp PythonWindowManagerModule.cpp
         PythonGraphic.cpp
         PythonGraphicImageModule.cpp
         PythonGraphicModule.cpp
         PythonGraphicTextModule.cpp
         PythonGraphicThingModule.cpp
         PythonGridSlotWindow.cpp
         PythonSlotWindow.cpp
         PythonWindow.cpp
         PythonWindowManager.cpp
         PythonWindowManagerModule.cpp
         Generating Code...
       Lib:
         A:\VS\VC\bin\Lib.exe /OUT:".\Distribute\eterPythonLib.lib" /NOLOGO .\Distribute/PythonGraphic.obj
         .\Distribute/PythonGraphicImageModule.obj
         .\Distribute/PythonGraphicModule.obj
         .\Distribute/PythonGraphicTextModule.obj
         .\Distribute/PythonGraphicThingModule.obj
         .\Distribute/PythonGridSlotWindow.obj
         .\Distribute/PythonSlotWindow.obj
         .\Distribute/PythonWindow.obj
         .\Distribute/PythonWindowManager.obj
         .\Distribute/PythonWindowManagerModule.obj
         .\Distribute/StdAfx.obj
         eterPythonLib_VC90.vcxproj -> A:\From C\Desktop\Serwer\Source\Source Client\client\eterPythonLib\.\Distribute\eterPythonLib.lib
     1>Done Building Project "A:\From C\Desktop\Serwer\Source\Source Client\client\eterPythonLib\eterPythonLib_VC90.vcxproj" (Build target(s)).

Build succeeded.

Time Elapsed 00:00:07.87
