Build started 11.01.2018 21:55:15.
     1>Project "A:\From C\Desktop\Serwer\Source\Source Client\client\EffectLib\EffectLib_VC90.vcxproj" on node 3 (Build target(s)).
     1>ClCompile:
         A:\VS\VC\bin\CL.exe /c /I. /I../../extern/include /Zi /nologo /W3 /WX- /O2 /Ob1 /Oy- /D WIN32 /D NDEBUG /D _LIB /D _VC80_UPGRADE=0x0710 /D _MBCS /GF /Gm- /EHsc /MT /GS /Gy /fp:precise /Zc:wchar_t /Zc:forScope /Yc"stdafx.h" /Fp".\Distribute/EffectLib.pch" /FAcs /Fa".\Distribute/" /Fo".\Distribute/" /Fd".\Distribute/vc120.pdb" /Gd /TP /analyze- /errorReport:prompt StdAfx.cpp
         StdAfx.cpp
         A:\VS\VC\bin\CL.exe /c /I. /I../../extern/include /Zi /nologo /W3 /WX- /O2 /Ob1 /Oy- /D WIN32 /D NDEBUG /D _LIB /D _VC80_UPGRADE=0x0710 /D _MBCS /GF /Gm- /EHsc /MT /GS /Gy /fp:precise /Zc:wchar_t /Zc:forScope /Yu"stdafx.h" /Fp".\Distribute/EffectLib.pch" /FAcs /Fa".\Distribute/" /Fo".\Distribute/" /Fd".\Distribute/vc120.pdb" /Gd /TP /analyze- /errorReport:prompt EffectData.cpp EffectElementBase.cpp EffectElementBaseInstance.cpp EffectInstance.cpp EffectManager.cpp EffectMesh.cpp EffectMeshInstance.cpp EffectUpdateDecorator.cpp EmitterProperty.cpp FrameController.cpp ParticleInstance.cpp ParticleProperty.cpp ParticleSystemData.cpp ParticleSystemInstance.cpp SimpleLightData.cpp SimpleLightInstance.cpp Type.cpp
         EffectData.cpp
         EffectElementBase.cpp
         EffectElementBaseInstance.cpp
         EffectInstance.cpp
         EffectManager.cpp
         EffectMesh.cpp
         EffectMeshInstance.cpp
         EffectUpdateDecorator.cpp
         EmitterProperty.cpp
         FrameController.cpp
         ParticleInstance.cpp
         ParticleProperty.cpp
         ParticleSystemData.cpp
         ParticleSystemInstance.cpp
         SimpleLightData.cpp
         SimpleLightInstance.cpp
         Type.cpp
         Generating Code...
       Lib:
         A:\VS\VC\bin\Lib.exe /OUT:".\Distribute\EffectLib.lib" /NOLOGO .\Distribute/EffectData.obj
         .\Distribute/EffectElementBase.obj
         .\Distribute/EffectElementBaseInstance.obj
         .\Distribute/EffectInstance.obj
         .\Distribute/EffectManager.obj
         .\Distribute/EffectMesh.obj
         .\Distribute/EffectMeshInstance.obj
         .\Distribute/EffectUpdateDecorator.obj
         .\Distribute/EmitterProperty.obj
         .\Distribute/FrameController.obj
         .\Distribute/ParticleInstance.obj
         .\Distribute/ParticleProperty.obj
         .\Distribute/ParticleSystemData.obj
         .\Distribute/ParticleSystemInstance.obj
         .\Distribute/SimpleLightData.obj
         .\Distribute/SimpleLightInstance.obj
         .\Distribute/StdAfx.obj
         .\Distribute/Type.obj
         EffectLib_VC90.vcxproj -> A:\From C\Desktop\Serwer\Source\Source Client\client\EffectLib\.\Distribute\EffectLib.lib
     1>Done Building Project "A:\From C\Desktop\Serwer\Source\Source Client\client\EffectLib\EffectLib_VC90.vcxproj" (Build target(s)).

Build succeeded.

Time Elapsed 00:00:20.94
